node:electron/js2c/renderer_init:2 Electron Security Warning (Insecure Content-Security-Policy) This renderer process has either no Content Security
  Policy set or a policy with "unsafe-eval" enabled. This exposes users of
  this app to unnecessary security risks.

For more information and help, consult
https://electronjs.org/docs/tutorial/security.
This warning will not show up
once the app is packaged.
warnAboutInsecureCSP @ node:electron/js2c/renderer_init:2
DevTools failed to load source map: Could not parse content for file:///C:/Users/alasd/Desktop/NoHotMILFs/pages/index.js.map: Unexpected end of JSON input
indexRenderer.js:203 The exit code was: 0
indexRenderer.js:204 The exit signal was: null
indexRenderer.js:205 finished
indexRenderer.js:293 Uncaught Error: UnicodeEncodeError: 'charmap' codec can't encode character '\u2705' in position 67778: character maps to <undefined>
    at PythonShell.parseError (C:\Users\alasd\Desktop\NoHotMILFs\node_modules\python-shell\index.js:295:21)
    at terminateIfNeeded (C:\Users\alasd\Desktop\NoHotMILFs\node_modules\python-shell\index.js:190:32)
    at ChildProcess.<anonymous> (C:\Users\alasd\Desktop\NoHotMILFs\node_modules\python-shell\index.js:182:13)
    at ChildProcess.emit (node:events:513:28)
    at ChildProcess._handle.onexit (node:internal/child_process:291:12)
    ----- Python Traceback -----
    File "C:\Users\alasd\Desktop\NoHotMILFs\core.py", line 170, in <module>
      download_video()
    File "C:\Users\alasd\Desktop\NoHotMILFs\core.py", line 155, in download_video
      ydl.download(url)
    File "C:\Users\alasd\Desktop\NoHotMILFs\venv\lib\site-packages\yt_dlp\YoutubeDL.py", line 3322, in download
      self.__download_wrapper(self.extract_info)(
    File "C:\Users\alasd\Desktop\NoHotMILFs\venv\lib\site-packages\yt_dlp\YoutubeDL.py", line 3297, in wrapper
      res = func(*args, **kwargs)
    File "C:\Users\alasd\Desktop\NoHotMILFs\venv\lib\site-packages\yt_dlp\YoutubeDL.py", line 1474, in extract_info
      return self.__extract_info(url, self.get_info_extractor(key), download, extra_info, process)
    File "C:\Users\alasd\Desktop\NoHotMILFs\venv\lib\site-packages\yt_dlp\YoutubeDL.py", line 1485, in wrapper
      return func(self, *args, **kwargs)
    File "C:\Users\alasd\Desktop\NoHotMILFs\venv\lib\site-packages\yt_dlp\YoutubeDL.py", line 1582, in __extract_info
      return self.process_ie_result(ie_result, download, extra_info)
    File "C:\Users\alasd\Desktop\NoHotMILFs\venv\lib\site-packages\yt_dlp\YoutubeDL.py", line 1641, in process_ie_result
      ie_result = self.process_video_result(ie_result, download=download)
    File "C:\Users\alasd\Desktop\NoHotMILFs\venv\lib\site-packages\yt_dlp\YoutubeDL.py", line 2737, in process_video_result
      self.process_info(new_info)
    File "C:\Users\alasd\Desktop\NoHotMILFs\venv\lib\site-packages\yt_dlp\YoutubeDL.py", line 3200, in process_info
      success, real_download = self.dl(temp_filename, info_dict)
    File "C:\Users\alasd\Desktop\NoHotMILFs\venv\lib\site-packages\yt_dlp\YoutubeDL.py", line 2924, in dl
      return fd.download(name, new_info, subtitle)
    File "C:\Users\alasd\Desktop\NoHotMILFs\venv\lib\site-packages\yt_dlp\downloader\common.py", line 446, in download
      ret = self.real_download(filename, info_dict)
    File "C:\Users\alasd\Desktop\NoHotMILFs\venv\lib\site-packages\yt_dlp\downloader\http.py", line 372, in real_download
      return download()
    File "C:\Users\alasd\Desktop\NoHotMILFs\venv\lib\site-packages\yt_dlp\downloader\http.py", line 309, in download
      self._hook_progress({
    File "C:\Users\alasd\Desktop\NoHotMILFs\venv\lib\site-packages\yt_dlp\downloader\common.py", line 461, in _hook_progress
      ph(status)
    File "C:\Users\alasd\Desktop\NoHotMILFs\core.py", line 137, in progress_hook
      print(response)
    File "C:\Program Files\WindowsApps\PythonSoftwareFoundation.Python.3.10_3.10.2544.0_x64__qbz5n2kfra8p0\lib\encodings\cp1252.py", line 19, in encode
      return codecs.charmap_encode(input,self.errors,encoding_table)[0]
parseError @ C:\Users\alasd\Desktop\NoHotMILFs\node_modules\python-shell\index.js:295
terminateIfNeeded @ C:\Users\alasd\Desktop\NoHotMILFs\node_modules\python-shell\index.js:190
(anonymous) @ C:\Users\alasd\Desktop\NoHotMILFs\node_modules\python-shell\index.js:182
emit @ node:events:513
ChildProcess._handle.onexit @ node:internal/child_process:291
